<?xml version="1.0" encoding="UTF-8"?>
<testng-results skipped="0" failed="0" ignored="0" total="1" passed="1">
  <reporter-output>
  </reporter-output>
  <suite name="Suite" duration-ms="8086" started-at="2018-02-24T17:57:36Z" finished-at="2018-02-24T17:57:44Z">
    <groups>
    </groups>
    <test name="Test" duration-ms="8086" started-at="2018-02-24T17:57:36Z" finished-at="2018-02-24T17:57:44Z">
      <class name="testPackage.NewTest">
        <test-method status="PASS" signature="beforeTest()[pri:0, instance:testPackage.NewTest@1e88b3c]" name="beforeTest" is-config="true" duration-ms="5642" started-at="2018-02-24T17:57:36Z" finished-at="2018-02-24T17:57:41Z">
          <reporter-output>
          </reporter-output>
        </test-method> <!-- beforeTest -->
        <test-method status="PASS" signature="mavenTest()[pri:0, instance:testPackage.NewTest@1e88b3c]" name="mavenTest" duration-ms="1549" started-at="2018-02-24T17:57:41Z" finished-at="2018-02-24T17:57:43Z">
          <reporter-output>
          </reporter-output>
        </test-method> <!-- mavenTest -->
        <test-method status="PASS" signature="afterTest()[pri:0, instance:testPackage.NewTest@1e88b3c]" name="afterTest" is-config="true" duration-ms="829" started-at="2018-02-24T17:57:43Z" finished-at="2018-02-24T17:57:44Z">
          <reporter-output>
          </reporter-output>
        </test-method> <!-- afterTest -->
      </class> <!-- testPackage.NewTest -->
    </test> <!-- Test -->
  </suite> <!-- Suite -->
</testng-results>
